<?xml version="1.0" encoding="UTF-8"?>
<!-- Generated by org.testng.reporters.JUnitReportReporter -->
<testsuite skipped="0" hostname="Jewells-MacBook-Pro.local" name="SingletonTest.PageTest" tests="1" failures="0" timestamp="21 Feb 2019 01:10:15 GMT" time="2.264" errors="0">
  <testcase name="testMethodZLX2001" time="2.264" classname="SingletonTest.PageTest"/>
</testsuite> <!-- SingletonTest.PageTest -->
